<?xml version="1.0" encoding="utf-8"?><testsuites name="pytest tests"><testsuite name="pytest" errors="0" failures="1" skipped="0" tests="7" time="317.095" timestamp="2026-04-04T00:57:01.655108+00:00" hostname="agent-env-13a8012e-4ddc-44ef-9628-5036fe22e006"><testcase classname="backend.tests.test_video_api.TestAuth" name="test_login_success" time="32.784" /><testcase classname="backend.tests.test_video_api.TestAuth" name="test_login_invalid_credentials" time="28.938" /><testcase classname="backend.tests.test_video_api.TestVideoMetadata" name="test_extract_metadata_success" time="60.107" /><testcase classname="backend.tests.test_video_api.TestVideoMetadata" name="test_extract_metadata_without_auth" time="14.325" /><testcase classname="backend.tests.test_video_api.TestProcessClips" name="test_process_clips_success" time="58.883" /><testcase classname="backend.tests.test_video_api.TestProcessClips" name="test_process_clips_without_auth" time="1.839" /><testcase classname="backend.tests.test_video_api.TestJobStatus" name="test_job_status_not_found" time="119.126"><failure message="AssertionError: Expected 404, got 502&#10;assert 502 == 404&#10; +  where 502 = &lt;Response [502]&gt;.status_code">backend/tests/test_video_api.py:190: in test_job_status_not_found
    assert response.status_code == 404, f"Expected 404, got {response.status_code}"
E   AssertionError: Expected 404, got 502
E   assert 502 == 404
E    +  where 502 = &lt;Response [502]&gt;.status_code</failure></testcase></testsuite></testsuites>