<?xml version="1.0" encoding="utf-8"?><testsuites name="pytest tests"><testsuite name="pytest" errors="0" failures="0" skipped="0" tests="7" time="6.290" timestamp="2026-04-04T00:10:58.156771+00:00" hostname="agent-env-13a8012e-4ddc-44ef-9628-5036fe22e006"><testcase classname="tests.test_video_api.TestAuth" name="test_login_success" time="0.414" /><testcase classname="tests.test_video_api.TestAuth" name="test_login_invalid_credentials" time="0.108" /><testcase classname="tests.test_video_api.TestVideoMetadata" name="test_extract_metadata_success" time="1.334" /><testcase classname="tests.test_video_api.TestVideoMetadata" name="test_extract_metadata_without_auth" time="0.104" /><testcase classname="tests.test_video_api.TestProcessClips" name="test_process_clips_success" time="0.466" /><testcase classname="tests.test_video_api.TestProcessClips" name="test_process_clips_without_auth" time="2.168" /><testcase classname="tests.test_video_api.TestJobStatus" name="test_job_status_not_found" time="1.626" /></testsuite></testsuites>